<?xml version="1.0" encoding="UTF-8"?>
<testsuite xmlns:xsi="http://www.w3.org/2001/XMLSchema-instance" xsi:noNamespaceSchemaLocation="https://maven.apache.org/surefire/maven-surefire-plugin/xsd/surefire-test-report-3.0.xsd" version="3.0" name="com.norgini.dslist.DslistApplicationTest" time="5.251" tests="1" errors="0" skipped="0" failures="0">
  <properties>
[...]
</properties>
  <testcase name="testMain" classname="com.norgini.dslist.DslistApplicationTest" time="5.232">
    <system-out><![CDATA[
  .   ____          _            __ _ _
 /\\ / ___'_ __ _ _(_)_ __  __ _ \ \ \ \
( ( )\___ | '_ | '_| | '_ \/ _` | \ \ \ \
 \\/  ___)| |_)| | | | | || (_| |  ) ) ) )
  '  |____| .__|_| |_|_| |_\__, | / / / /
 =========|_|==============|___/=/_/_/_/
 :: Spring Boot ::                (v3.1.1)

2023-07-15T23:44:21.613-03:00  INFO 12484 --- [           main] com.norgini.dslist.DslistApplication     : Starting DslistApplication using Java 17.0.5 with PID 12484 (started by julia in C:\Users\julia\OneDrive\Área de Trabalho\ADS\Projetos\dslist\backend)
2023-07-15T23:44:21.618-03:00  INFO 12484 --- [           main] com.norgini.dslist.DslistApplication     : The following 1 profile is active: "test"
2023-07-15T23:44:22.402-03:00  INFO 12484 --- [           main] .s.d.r.c.RepositoryConfigurationDelegate : Bootstrapping Spring Data JPA repositories in DEFAULT mode.
2023-07-15T23:44:22.490-03:00  INFO 12484 --- [           main] .s.d.r.c.RepositoryConfigurationDelegate : Finished Spring Data repository scanning in 74 ms. Found 2 JPA repository interfaces.
2023-07-15T23:44:23.237-03:00  INFO 12484 --- [           main] o.s.b.w.embedded.tomcat.TomcatWebServer  : Tomcat initialized with port(s): 8080 (http)
2023-07-15T23:44:23.249-03:00  INFO 12484 --- [           main] o.apache.catalina.core.StandardService   : Starting service [Tomcat]
2023-07-15T23:44:23.249-03:00  INFO 12484 --- [           main] o.apache.catalina.core.StandardEngine    : Starting Servlet engine: [Apache Tomcat/10.1.10]
2023-07-15T23:44:23.371-03:00  INFO 12484 --- [           main] o.a.c.c.C.[Tomcat].[localhost].[/]       : Initializing Spring embedded WebApplicationContext
2023-07-15T23:44:23.373-03:00  INFO 12484 --- [           main] w.s.c.ServletWebServerApplicationContext : Root WebApplicationContext: initialization completed in 1696 ms
2023-07-15T23:44:23.409-03:00  INFO 12484 --- [           main] com.zaxxer.hikari.HikariDataSource       : HikariPool-1 - Starting...
2023-07-15T23:44:23.651-03:00  INFO 12484 --- [           main] com.zaxxer.hikari.pool.HikariPool        : HikariPool-1 - Added connection conn0: url=jdbc:h2:mem:testdb user=SA
2023-07-15T23:44:23.653-03:00  INFO 12484 --- [           main] com.zaxxer.hikari.HikariDataSource       : HikariPool-1 - Start completed.
2023-07-15T23:44:23.667-03:00  INFO 12484 --- [           main] o.s.b.a.h2.H2ConsoleAutoConfiguration    : H2 console available at '/h2-console'. Database available at 'jdbc:h2:mem:testdb'
2023-07-15T23:44:23.864-03:00  INFO 12484 --- [           main] o.hibernate.jpa.internal.util.LogHelper  : HHH000204: Processing PersistenceUnitInfo [name: default]
2023-07-15T23:44:23.941-03:00  INFO 12484 --- [           main] org.hibernate.Version                    : HHH000412: Hibernate ORM core version 6.2.5.Final
2023-07-15T23:44:23.945-03:00  INFO 12484 --- [           main] org.hibernate.cfg.Environment            : HHH000406: Using bytecode reflection optimizer
2023-07-15T23:44:24.118-03:00  INFO 12484 --- [           main] o.h.b.i.BytecodeProviderInitiator        : HHH000021: Bytecode provider name : bytebuddy
2023-07-15T23:44:24.281-03:00  INFO 12484 --- [           main] o.s.o.j.p.SpringPersistenceUnitInfo      : No LoadTimeWeaver setup: ignoring JPA class transformer
2023-07-15T23:44:24.611-03:00  INFO 12484 --- [           main] o.h.b.i.BytecodeProviderInitiator        : HHH000021: Bytecode provider name : bytebuddy
2023-07-15T23:44:25.262-03:00  INFO 12484 --- [           main] o.h.e.t.j.p.i.JtaPlatformInitiator       : HHH000490: Using JtaPlatform implementation: [org.hibernate.engine.transaction.jta.platform.internal.NoJtaPlatform]
Hibernate: 
    drop table if exists tb_belonging cascade 
Hibernate: 
    drop table if exists tb_game cascade 
Hibernate: 
    drop table if exists tb_game_list cascade 
Hibernate: 
    create table tb_belonging (
        position integer,
        game_id bigint not null,
        list_id bigint not null,
        primary key (game_id, list_id)
    )
Hibernate: 
    create table tb_game (
        game_year integer,
        score float(53),
        id bigint generated by default as identity,
        genre varchar(255),
        img_url varchar(255),
        long_description TEXT,
        platforms varchar(255),
        short_description TEXT,
        title varchar(255),
        primary key (id)
    )
Hibernate: 
    create table tb_game_list (
        id bigint generated by default as identity,
        name varchar(255),
        primary key (id)
    )
Hibernate: 
    alter table if exists tb_belonging 
       add constraint FKrchwdikeu66uky1hf75ym1kh 
       foreign key (list_id) 
       references tb_game_list
Hibernate: 
    alter table if exists tb_belonging 
       add constraint FK2slybclee7wdfxhfltbvqkgpg 
       foreign key (game_id) 
       references tb_game
Hibernate: INSERT INTO tb_game_list (name) VALUES ('Aventura e RPG')
Hibernate: INSERT INTO tb_game_list (name) VALUES ('Jogos de plataforma')
Hibernate: INSERT INTO tb_game (title, score, game_year, genre, platforms, img_url, short_description, long_description) VALUES ('Mass Effect Trilogy', 4.8, 2012, 'Role-playing (RPG), Shooter', 'XBox, Playstation, PC', 'https://raw.githubusercontent.com/devsuperior/java-spring-dslist/main/resources/1.png', 'Mass Effect: Uma trilogia de RPG espacial. Salve a galÃ¡xia como Comandante Shepard. Escolhas, relacionamentos e aÃ§Ã£o intensa.', 'A trilogia Mass Effect Ã© uma Ã©pica sÃ©rie de jogos de RPG de aÃ§Ã£o ambientada em um vasto universo de ficÃ§Ã£o cientÃ­fica. Combinando uma histÃ³ria cativante, personagens memorÃ¡veis â€‹â€‹e jogabilidade envolvente, os jogadores embarcam em uma jornada intergalÃ¡ctica como o Comandante Shepard. O destino da galÃ¡xia estÃ¡ em jogo enquanto Shepard luta contra uma ameaÃ§a antiga conhecida como os Reapers, enfrentando escolhas difÃ­ceis e construindo alianÃ§as ao longo do caminho. A trilogia Mass Effect Ã© aclamada por sua narrativa emocionalmente impactante, mecÃ¢nica de jogo aprofundada e o poder de moldar o prÃ³prio futuro da galÃ¡xia.')
Hibernate: INSERT INTO tb_game (title, score, game_year, genre, platforms, img_url, short_description, long_description) VALUES ('Red Dead Redemption 2', 4.7, 2018, 'Role-playing (RPG), Adventure', 'XBox, Playstation, PC', 'https://raw.githubusercontent.com/devsuperior/java-spring-dslist/main/resources/2.png', 'Red Dead Redemption 2: um conto Ã©pico do Velho Oeste.', 'Red Dead Redemption 2 Ã© um jogo de aÃ§Ã£o e aventura ambientado no final do sÃ©culo XIX, durante a era do Velho Oeste americano. Desenvolvido pela Rockstar Games, o jogo segue a histÃ³ria de Arthur Morgan, um fora da lei e membro de uma gangue de bandidos liderada por Dutch van der Linde. Os jogadores exploram um vasto mundo aberto, repleto de paisagens deslumbrantes, cidades movimentadas e vastas Ã¡reas selvagens. Com uma narrativa profunda, personagens complexos e uma jogabilidade imersiva, Red Dead Redemption 2 oferece uma experiÃªncia envolvente e emocionante, cheia de escolhas morais e consequÃªncias significativas.')
Hibernate: INSERT INTO tb_game (title, score, game_year, genre, platforms, img_url, short_description, long_description) VALUES ('The Witcher 3: Wild Hunt', 4.7, 2014, 'Role-playing (RPG), Adventure', 'XBox, Playstation, PC', 'https://raw.githubusercontent.com/devsuperior/java-spring-dslist/main/resources/3.png', 'The Witcher 3: Wild Hunt - Uma aventura de RPG Ã©pica com combates emocionantes, escolhas morais e um mundo aberto detalhado.', 'The Witcher 3: Wild Hunt Ã© um jogo de RPG de aÃ§Ã£o baseado na famosa sÃ©rie de livros de fantasia de Andrzej Sapkowski. Desenvolvido pela CD Projekt Red, o jogo coloca os jogadores no papel de Geralt de Rivia, um caÃ§ador de monstros conhecido como "witcher". Em um mundo aberto vasto e detalhado, os jogadores embarcam em uma busca Ã©pica repleta de escolhas morais, combates emocionantes e histÃ³rias envolventes. Com grÃ¡ficos impressionantes, um sistema de combate desafiador e um elenco de personagens carismÃ¡ticos, The Witcher 3: Wild Hunt oferece uma experiÃªncia imersiva e cativante, repleta de magia, criaturas fantÃ¡sticas e intrigas polÃ­ticas. Ã‰ considerado um dos melhores jogos de todos os tempos, conquistando tanto os fÃ£s da sÃ©rie de livros quanto os jogadores em geral.')
Hibernate: INSERT INTO tb_game (title, score, game_year, genre, platforms, img_url, short_description, long_description) VALUES ('Sekiro: Shadows Die Twice', 3.8, 2019, 'Role-playing (RPG), Adventure', 'XBox, Playstation, PC', 'https://raw.githubusercontent.com/devsuperior/java-spring-dslist/main/resources/4.png', 'Sekiro: Shadows Die Twice - Combates intensos, habilidades ninjas e um JapÃ£o feudal implacÃ¡vel.', 'Sekiro: Shadows Die Twice Ã© um jogo de aÃ§Ã£o e aventura desenvolvido pela FromSoftware. Ambientado no JapÃ£o feudal, os jogadores assumem o papel de Sekiro, um guerreiro ninja com habilidades mortais. O jogo apresenta uma jogabilidade desafiadora e intensa, com combates rÃ¡pidos e precisos, alÃ©m de um sistema de morte e ressurreiÃ§Ã£o Ãºnico. Os jogadores devem dominar a tÃ©cnica de combate "Postura" para derrotar inimigos formidÃ¡veis â€‹â€‹e enfrentar chefes poderosos em um mundo cheio de mistÃ©rios e perigos. Com grÃ¡ficos impressionantes e uma atmosfera sombria, Sekiro: Shadows Die Twice oferece uma experiÃªncia emocionante para os fÃ£s de jogos desafiadores e imersivos.')
Hibernate: INSERT INTO tb_game (title, score, game_year, genre, platforms, img_url, short_description, long_description) VALUES ('Ghost of Tsushima', 4.6, 2012, 'Role-playing (RPG), Adventure', 'XBox, Playstation, PC', 'https://raw.githubusercontent.com/devsuperior/java-spring-dslist/main/resources/5.png', 'Ghost of Tsushima: Honra e combate samurai em um JapÃ£o feudal Ã©pico.', 'Ghost of Tsushima Ã© um jogo de aÃ§Ã£o e aventura desenvolvido pela Sucker Punch Productions. Ambientado no JapÃ£o feudal do sÃ©culo XIII, o jogo segue a jornada do samurai Jin Sakai, em sua luta para proteger a ilha de Tsushima da invasÃ£o mongol. Os jogadores exploram um vasto mundo aberto, repleto de paisagens deslumbrantes, templos antigos e campos de batalha Ã©picos. Com combates estratÃ©gicos, uso de tÃ¡ticas furtivas e um sistema de personalizaÃ§Ã£o de habilidades, os jogadores podem escolher entre seguir o caminho do samurai honrado ou se tornar um "fantasma", um guerreiro das sombras que usa truques e tÃ¡ticas engenhosas. Com visuais impressionantes, uma trilha sonora envolvente e uma histÃ³ria cativante, Ghost of Tsushima oferece uma experiÃªncia imersiva e emocionante, repleta de honra, sacrifÃ­cio e vinganÃ§a.')
Hibernate: INSERT INTO tb_game (title, score, game_year, genre, platforms, img_url, short_description, long_description) VALUES ('Super Mario World', 4.7, 1990, 'Platform', 'Super Ness, PC', 'https://raw.githubusercontent.com/devsuperior/java-spring-dslist/main/resources/6.png', 'Super Mario World: Aventura icÃ´nica de Mario para salvar a Princesa Peach.', 'Super Mario World Ã© um jogo de plataforma clÃ¡ssico desenvolvido pela Nintendo. LanÃ§ado originalmente para o Super Nintendo Entertainment System (SNES), o jogo segue as aventuras do famoso encanador Mario e seu fiel companheiro, Luigi, em sua jornada pela Ilha dos Dinossauros para resgatar a Princesa Peach das garras do malvado Bowser. Com grÃ¡ficos coloridos, nÃ­veis criativos e uma trilha sonora memorÃ¡vel, Super Mario World Ã© uma experiÃªncia divertida e envolvente. Os jogadores exploram diferentes fases, enfrentam inimigos icÃ´nicos, coletam moedas e power-ups, e desvendam segredos enquanto avanÃ§am pelo jogo. Com sua jogabilidade acessÃ­vel e cativante, Super Mario World continua sendo um dos jogos mais amados e influentes da histÃ³ria dos videogames.')
Hibernate: INSERT INTO tb_game (title, score, game_year, genre, platforms, img_url, short_description, long_description) VALUES ('Hollow Knight', 4.6, 2017, 'Platform', 'XBox, Playstation, PC', 'https://raw.githubusercontent.com/devsuperior/java-spring-dslist/main/resources/7.png', 'Hollow Knight: ExploraÃ§Ã£o sombria e desafiadora em um mundo encantado.', 'Hollow Knight Ã© um jogo indie de aÃ§Ã£o e aventura desenvolvido pela Team Cherry. Ambientado em um mundo sombrio e misterioso chamado Hallownest, o jogo segue as aventuras de um cavaleiro sem nome em busca de respostas e redenÃ§Ã£o. Os jogadores exploram um vasto labirinto subterrÃ¢neo, enfrentando criaturas perigosas e chefes desafiadores. Com sua estÃ©tica Ãºnica de arte desenhada Ã  mÃ£o, trilha sonora envolvente e jogabilidade metroidvania, Hollow Knight oferece uma experiÃªncia atmosfÃ©rica e imersiva. Os jogadores descobrem segredos, desbloqueiam habilidades especiais e desvendam a histÃ³ria sombria e intrigante do mundo de Hallownest. Com sua dificuldade gratificante e personagens cativantes, Hollow Knight conquistou o coraÃ§Ã£o dos jogadores e se tornou um clÃ¡ssico moderno dos jogos independentes.')
Hibernate: INSERT INTO tb_game (title, score, game_year, genre, platforms, img_url, short_description, long_description) VALUES ('Ori and the Blind Forest', 4, 2015, 'Platform', 'XBox, Playstation, PC', 'https://raw.githubusercontent.com/devsuperior/java-spring-dslist/main/resources/8.png', 'Ori and the Blind Forest: Uma jornada emocional e encantadora em um mundo mÃ¡gico.', 'Ori and the Blind Forest Ã© um jogo de plataforma e aventura desenvolvido pela Moon Studios. O jogo conta a emocionante histÃ³ria de Ori, uma pequena criatura espiritual, em sua jornada para salvar a floresta de Nibel. Com belos visuais desenhados Ã  mÃ£o, uma trilha sonora encantadora e jogabilidade fluida, Ori and the Blind Forest oferece uma experiÃªncia cativante e emocional. Os jogadores exploram um mundo vibrante, resolvem quebra-cabeÃ§as e enfrentam perigos para restaurar a luz e a vida Ã  floresta. Com sua narrativa envolvente e personagens adorÃ¡veis, o jogo transmite uma mensagem de amor, amizade e superaÃ§Ã£o. Ori and the Blind Forest Ã© um verdadeiro deleite para os fÃ£s de jogos de plataforma atmosfÃ©ricos e emocionantes.')
Hibernate: INSERT INTO tb_game (title, score, game_year, genre, platforms, img_url, short_description, long_description) VALUES ('Cuphead', 4.6, 2017, 'Platform', 'XBox, Playstation, PC', 'https://raw.githubusercontent.com/devsuperior/java-spring-dslist/main/resources/9.png', 'Cuphead: Estilo de desenho animado dos anos 1930 em uma aventura desafiadora.', 'Cuphead Ã© um jogo de plataforma e aÃ§Ã£o desenvolvido pela Studio MDHR. Inspirado nas animaÃ§Ãµes da dÃ©cada de 1930, o jogo apresenta um estilo visual Ãºnico em desenhos animados e uma trilha sonora de jazz cativante. Os jogadores assumem o papel de Cuphead ou Mugman, dois personagens que devem enfrentar uma sÃ©rie de desafios e batalhas contra chefes para pagar uma dÃ­vida com o diabo. Com uma dificuldade desafiadora e mecÃ¢nicas de jogo precisas, Cuphead oferece uma experiÃªncia empolgante e gratificante. Os jogadores enfrentam combates intensos, desvendam segredos e desfrutam da atmosfera retrÃ´ enquanto embarcam em uma jornada emocionante e visualmente impressionante. Cuphead Ã© um verdadeiro tributo aos jogos clÃ¡ssicos e Ã  era de ouro da animaÃ§Ã£o.')
Hibernate: INSERT INTO tb_game (title, score, game_year, genre, platforms, img_url, short_description, long_description) VALUES ('Sonic CD', 4, 1993, 'Platform', 'Sega CD, PC', 'https://raw.githubusercontent.com/devsuperior/java-spring-dslist/main/resources/10.png', 'Sonic CD: Viagem no tempo em uma aventura de plataforma com o ouriÃ§o azul mais rÃ¡pido.', 'Sonic CD Ã© um jogo de plataforma desenvolvido pela SEGA. LanÃ§ado originalmente em 1993, o jogo apresenta as aventuras do famoso ouriÃ§o azul, Sonic, em sua luta contra o vilÃ£o Dr. Robotnik. Sonic CD se destaca por suas fases Ãºnicas e pelo uso do conceito de viagem no tempo. Os jogadores exploram diferentes zonas do passado, presente e futuro, coletando anÃ©is, derrotando inimigos e enfrentando chefes desafiadores. Com sua jogabilidade rÃ¡pida e fluente, grÃ¡ficos coloridos e uma trilha sonora icÃ´nica, Sonic CD Ã© um clÃ¡ssico do gÃªnero plataforma. O jogo captura a essÃªncia da era dos 16 bits e oferece uma experiÃªncia divertida e nostÃ¡lgica para os fÃ£s do ouriÃ§o mais rÃ¡pido dos videogames.')
Hibernate: INSERT INTO tb_belonging (list_id, game_id, position) VALUES (1, 1, 0)
Hibernate: INSERT INTO tb_belonging (list_id, game_id, position) VALUES (1, 2, 1)
Hibernate: INSERT INTO tb_belonging (list_id, game_id, position) VALUES (1, 3, 2)
Hibernate: INSERT INTO tb_belonging (list_id, game_id, position) VALUES (1, 4, 3)
Hibernate: INSERT INTO tb_belonging (list_id, game_id, position) VALUES (1, 5, 4)
Hibernate: INSERT INTO tb_belonging (list_id, game_id, position) VALUES (2, 6, 0)
Hibernate: INSERT INTO tb_belonging (list_id, game_id, position) VALUES (2, 7, 1)
Hibernate: INSERT INTO tb_belonging (list_id, game_id, position) VALUES (2, 8, 2)
Hibernate: INSERT INTO tb_belonging (list_id, game_id, position) VALUES (2, 9, 3)
Hibernate: INSERT INTO tb_belonging (list_id, game_id, position) VALUES (2, 10, 4)
2023-07-15T23:44:25.327-03:00  INFO 12484 --- [           main] j.LocalContainerEntityManagerFactoryBean : Initialized JPA EntityManagerFactory for persistence unit 'default'
2023-07-15T23:44:25.648-03:00  INFO 12484 --- [           main] o.s.d.j.r.query.QueryEnhancerFactory     : Hibernate is in classpath; If applicable, HQL parser will be used.
2023-07-15T23:44:26.209-03:00  INFO 12484 --- [           main] o.s.b.w.embedded.tomcat.TomcatWebServer  : Tomcat started on port(s): 8080 (http) with context path ''
2023-07-15T23:44:26.218-03:00  INFO 12484 --- [           main] com.norgini.dslist.DslistApplication     : Started DslistApplication in 5.036 seconds (process running for 5.868)
]]></system-out>
  </testcase>
</testsuite>